{"/Users/Bacon/MathLib/index.js": {"path":"/Users/Bacon/MathLib/index.js","statementMap":{},"fnMap":{},"branchMap":{},"s":{},"f":{},"b":{},"_coverageSchema":"332fd63041d2c1bcb487cc26dd0d5f7d97098a6c","hash":"df718930b4ce00abe6362615209dd52d07ed6458"}
,"/Users/Bacon/MathLib/src/calculate.js": {"path":"/Users/Bacon/MathLib/src/calculate.js","statementMap":{"0":{"start":{"line":3,"column":12},"end":{"line":4,"column":62}},"1":{"start":{"line":4,"column":2},"end":{"line":4,"column":62}},"2":{"start":{"line":5,"column":14},"end":{"line":6,"column":62}},"3":{"start":{"line":6,"column":2},"end":{"line":6,"column":62}},"4":{"start":{"line":7,"column":17},"end":{"line":8,"column":62}},"5":{"start":{"line":8,"column":2},"end":{"line":8,"column":62}},"6":{"start":{"line":9,"column":15},"end":{"line":10,"column":63}},"7":{"start":{"line":10,"column":2},"end":{"line":10,"column":63}},"8":{"start":{"line":11,"column":12},"end":{"line":11,"column":50}},"9":{"start":{"line":11,"column":18},"end":{"line":11,"column":49}},"10":{"start":{"line":12,"column":13},"end":{"line":12,"column":62}},"11":{"start":{"line":12,"column":19},"end":{"line":12,"column":61}},"12":{"start":{"line":14,"column":16},"end":{"line":17,"column":9}},"13":{"start":{"line":15,"column":2},"end":{"line":17,"column":9}},"14":{"start":{"line":16,"column":21},"end":{"line":16,"column":39}},"15":{"start":{"line":16,"column":55},"end":{"line":16,"column":67}},"16":{"start":{"line":18,"column":12},"end":{"line":23,"column":8}},"17":{"start":{"line":19,"column":2},"end":{"line":23,"column":8}},"18":{"start":{"line":21,"column":6},"end":{"line":21,"column":75}},"19":{"start":{"line":21,"column":45},"end":{"line":21,"column":65}},"20":{"start":{"line":22,"column":11},"end":{"line":22,"column":28}},"21":{"start":{"line":24,"column":16},"end":{"line":27,"column":9}},"22":{"start":{"line":25,"column":2},"end":{"line":27,"column":9}},"23":{"start":{"line":26,"column":21},"end":{"line":26,"column":44}},"24":{"start":{"line":26,"column":53},"end":{"line":26,"column":61}},"25":{"start":{"line":28,"column":21},"end":{"line":29,"column":75}},"26":{"start":{"line":29,"column":2},"end":{"line":29,"column":75}},"27":{"start":{"line":29,"column":17},"end":{"line":29,"column":37}},"28":{"start":{"line":29,"column":53},"end":{"line":29,"column":64}},"29":{"start":{"line":30,"column":12},"end":{"line":31,"column":65}},"30":{"start":{"line":31,"column":2},"end":{"line":31,"column":65}},"31":{"start":{"line":31,"column":17},"end":{"line":31,"column":33}},"32":{"start":{"line":31,"column":42},"end":{"line":31,"column":59}},"33":{"start":{"line":32,"column":12},"end":{"line":33,"column":65}},"34":{"start":{"line":33,"column":2},"end":{"line":33,"column":65}},"35":{"start":{"line":33,"column":17},"end":{"line":33,"column":33}},"36":{"start":{"line":33,"column":42},"end":{"line":33,"column":59}}},"fnMap":{"0":{"name":"(anonymous_0)","decl":{"start":{"line":3,"column":12},"end":{"line":3,"column":13}},"loc":{"start":{"line":4,"column":2},"end":{"line":4,"column":62}},"line":4},"1":{"name":"(anonymous_1)","decl":{"start":{"line":5,"column":14},"end":{"line":5,"column":15}},"loc":{"start":{"line":6,"column":2},"end":{"line":6,"column":62}},"line":6},"2":{"name":"(anonymous_2)","decl":{"start":{"line":7,"column":17},"end":{"line":7,"column":18}},"loc":{"start":{"line":8,"column":2},"end":{"line":8,"column":62}},"line":8},"3":{"name":"(anonymous_3)","decl":{"start":{"line":9,"column":15},"end":{"line":9,"column":16}},"loc":{"start":{"line":10,"column":2},"end":{"line":10,"column":63}},"line":10},"4":{"name":"(anonymous_4)","decl":{"start":{"line":11,"column":12},"end":{"line":11,"column":13}},"loc":{"start":{"line":11,"column":18},"end":{"line":11,"column":49}},"line":11},"5":{"name":"(anonymous_5)","decl":{"start":{"line":12,"column":13},"end":{"line":12,"column":14}},"loc":{"start":{"line":12,"column":19},"end":{"line":12,"column":61}},"line":12},"6":{"name":"(anonymous_6)","decl":{"start":{"line":14,"column":16},"end":{"line":14,"column":17}},"loc":{"start":{"line":15,"column":2},"end":{"line":17,"column":9}},"line":15},"7":{"name":"(anonymous_7)","decl":{"start":{"line":16,"column":14},"end":{"line":16,"column":15}},"loc":{"start":{"line":16,"column":21},"end":{"line":16,"column":39}},"line":16},"8":{"name":"(anonymous_8)","decl":{"start":{"line":16,"column":41},"end":{"line":16,"column":42}},"loc":{"start":{"line":16,"column":55},"end":{"line":16,"column":67}},"line":16},"9":{"name":"(anonymous_9)","decl":{"start":{"line":18,"column":12},"end":{"line":18,"column":13}},"loc":{"start":{"line":19,"column":2},"end":{"line":23,"column":8}},"line":19},"10":{"name":"(anonymous_10)","decl":{"start":{"line":20,"column":4},"end":{"line":20,"column":5}},"loc":{"start":{"line":21,"column":6},"end":{"line":21,"column":75}},"line":21},"11":{"name":"(anonymous_11)","decl":{"start":{"line":21,"column":30},"end":{"line":21,"column":31}},"loc":{"start":{"line":21,"column":45},"end":{"line":21,"column":65}},"line":21},"12":{"name":"(anonymous_12)","decl":{"start":{"line":22,"column":4},"end":{"line":22,"column":5}},"loc":{"start":{"line":22,"column":11},"end":{"line":22,"column":28}},"line":22},"13":{"name":"(anonymous_13)","decl":{"start":{"line":24,"column":16},"end":{"line":24,"column":17}},"loc":{"start":{"line":25,"column":2},"end":{"line":27,"column":9}},"line":25},"14":{"name":"(anonymous_14)","decl":{"start":{"line":26,"column":14},"end":{"line":26,"column":15}},"loc":{"start":{"line":26,"column":21},"end":{"line":26,"column":44}},"line":26},"15":{"name":"(anonymous_15)","decl":{"start":{"line":26,"column":46},"end":{"line":26,"column":47}},"loc":{"start":{"line":26,"column":53},"end":{"line":26,"column":61}},"line":26},"16":{"name":"(anonymous_16)","decl":{"start":{"line":28,"column":21},"end":{"line":28,"column":22}},"loc":{"start":{"line":29,"column":2},"end":{"line":29,"column":75}},"line":29},"17":{"name":"(anonymous_17)","decl":{"start":{"line":29,"column":10},"end":{"line":29,"column":11}},"loc":{"start":{"line":29,"column":17},"end":{"line":29,"column":37}},"line":29},"18":{"name":"(anonymous_18)","decl":{"start":{"line":29,"column":39},"end":{"line":29,"column":40}},"loc":{"start":{"line":29,"column":53},"end":{"line":29,"column":64}},"line":29},"19":{"name":"(anonymous_19)","decl":{"start":{"line":30,"column":12},"end":{"line":30,"column":13}},"loc":{"start":{"line":31,"column":2},"end":{"line":31,"column":65}},"line":31},"20":{"name":"(anonymous_20)","decl":{"start":{"line":31,"column":10},"end":{"line":31,"column":11}},"loc":{"start":{"line":31,"column":17},"end":{"line":31,"column":33}},"line":31},"21":{"name":"(anonymous_21)","decl":{"start":{"line":31,"column":35},"end":{"line":31,"column":36}},"loc":{"start":{"line":31,"column":42},"end":{"line":31,"column":59}},"line":31},"22":{"name":"(anonymous_22)","decl":{"start":{"line":32,"column":12},"end":{"line":32,"column":13}},"loc":{"start":{"line":33,"column":2},"end":{"line":33,"column":65}},"line":33},"23":{"name":"(anonymous_23)","decl":{"start":{"line":33,"column":10},"end":{"line":33,"column":11}},"loc":{"start":{"line":33,"column":17},"end":{"line":33,"column":33}},"line":33},"24":{"name":"(anonymous_24)","decl":{"start":{"line":33,"column":35},"end":{"line":33,"column":36}},"loc":{"start":{"line":33,"column":42},"end":{"line":33,"column":59}},"line":33}},"branchMap":{"0":{"loc":{"start":{"line":4,"column":2},"end":{"line":4,"column":62}},"type":"cond-expr","locations":[{"start":{"line":4,"column":31},"end":{"line":4,"column":56}},{"start":{"line":4,"column":59},"end":{"line":4,"column":62}}],"line":4},"1":{"loc":{"start":{"line":4,"column":2},"end":{"line":4,"column":28}},"type":"binary-expr","locations":[{"start":{"line":4,"column":2},"end":{"line":4,"column":13}},{"start":{"line":4,"column":17},"end":{"line":4,"column":28}}],"line":4},"2":{"loc":{"start":{"line":6,"column":2},"end":{"line":6,"column":62}},"type":"cond-expr","locations":[{"start":{"line":6,"column":31},"end":{"line":6,"column":56}},{"start":{"line":6,"column":59},"end":{"line":6,"column":62}}],"line":6},"3":{"loc":{"start":{"line":6,"column":2},"end":{"line":6,"column":28}},"type":"binary-expr","locations":[{"start":{"line":6,"column":2},"end":{"line":6,"column":13}},{"start":{"line":6,"column":17},"end":{"line":6,"column":28}}],"line":6},"4":{"loc":{"start":{"line":8,"column":2},"end":{"line":8,"column":62}},"type":"cond-expr","locations":[{"start":{"line":8,"column":31},"end":{"line":8,"column":56}},{"start":{"line":8,"column":59},"end":{"line":8,"column":62}}],"line":8},"5":{"loc":{"start":{"line":8,"column":2},"end":{"line":8,"column":28}},"type":"binary-expr","locations":[{"start":{"line":8,"column":2},"end":{"line":8,"column":13}},{"start":{"line":8,"column":17},"end":{"line":8,"column":28}}],"line":8},"6":{"loc":{"start":{"line":10,"column":2},"end":{"line":10,"column":63}},"type":"cond-expr","locations":[{"start":{"line":10,"column":52},"end":{"line":10,"column":57}},{"start":{"line":10,"column":60},"end":{"line":10,"column":63}}],"line":10},"7":{"loc":{"start":{"line":10,"column":2},"end":{"line":10,"column":49}},"type":"binary-expr","locations":[{"start":{"line":10,"column":2},"end":{"line":10,"column":13}},{"start":{"line":10,"column":17},"end":{"line":10,"column":28}},{"start":{"line":10,"column":32},"end":{"line":10,"column":49}}],"line":10},"8":{"loc":{"start":{"line":11,"column":18},"end":{"line":11,"column":49}},"type":"cond-expr","locations":[{"start":{"line":11,"column":32},"end":{"line":11,"column":43}},{"start":{"line":11,"column":46},"end":{"line":11,"column":49}}],"line":11},"9":{"loc":{"start":{"line":12,"column":19},"end":{"line":12,"column":61}},"type":"cond-expr","locations":[{"start":{"line":12,"column":43},"end":{"line":12,"column":55}},{"start":{"line":12,"column":58},"end":{"line":12,"column":61}}],"line":12},"10":{"loc":{"start":{"line":12,"column":19},"end":{"line":12,"column":40}},"type":"binary-expr","locations":[{"start":{"line":12,"column":19},"end":{"line":12,"column":30}},{"start":{"line":12,"column":34},"end":{"line":12,"column":40}}],"line":12},"11":{"loc":{"start":{"line":15,"column":2},"end":{"line":17,"column":9}},"type":"cond-expr","locations":[{"start":{"line":16,"column":6},"end":{"line":16,"column":78}},{"start":{"line":17,"column":6},"end":{"line":17,"column":9}}],"line":15},"12":{"loc":{"start":{"line":15,"column":2},"end":{"line":15,"column":49}},"type":"binary-expr","locations":[{"start":{"line":15,"column":2},"end":{"line":15,"column":13}},{"start":{"line":15,"column":17},"end":{"line":15,"column":28}},{"start":{"line":15,"column":32},"end":{"line":15,"column":49}}],"line":15},"13":{"loc":{"start":{"line":21,"column":6},"end":{"line":21,"column":75}},"type":"cond-expr","locations":[{"start":{"line":21,"column":19},"end":{"line":21,"column":69}},{"start":{"line":21,"column":72},"end":{"line":21,"column":75}}],"line":21},"14":{"loc":{"start":{"line":25,"column":2},"end":{"line":27,"column":9}},"type":"cond-expr","locations":[{"start":{"line":26,"column":6},"end":{"line":26,"column":67}},{"start":{"line":27,"column":6},"end":{"line":27,"column":9}}],"line":25},"15":{"loc":{"start":{"line":25,"column":2},"end":{"line":25,"column":34}},"type":"binary-expr","locations":[{"start":{"line":25,"column":2},"end":{"line":25,"column":20}},{"start":{"line":25,"column":24},"end":{"line":25,"column":34}}],"line":25}},"s":{"0":1,"1":0,"2":1,"3":0,"4":1,"5":0,"6":1,"7":0,"8":1,"9":0,"10":1,"11":0,"12":1,"13":0,"14":0,"15":0,"16":1,"17":0,"18":0,"19":0,"20":0,"21":1,"22":0,"23":0,"24":0,"25":1,"26":0,"27":0,"28":0,"29":1,"30":0,"31":0,"32":0,"33":1,"34":0,"35":0,"36":0},"f":{"0":0,"1":0,"2":0,"3":0,"4":0,"5":0,"6":0,"7":0,"8":0,"9":0,"10":0,"11":0,"12":0,"13":0,"14":0,"15":0,"16":0,"17":0,"18":0,"19":0,"20":0,"21":0,"22":0,"23":0,"24":0},"b":{"0":[0,0],"1":[0,0],"2":[0,0],"3":[0,0],"4":[0,0],"5":[0,0],"6":[0,0],"7":[0,0,0],"8":[0,0],"9":[0,0],"10":[0,0],"11":[0,0],"12":[0,0,0],"13":[0,0],"14":[0,0],"15":[0,0]},"_coverageSchema":"332fd63041d2c1bcb487cc26dd0d5f7d97098a6c","hash":"b88a436bf1c7a54f3a4dc3138c3ca4b395b7f01d"}
,"/Users/Bacon/MathLib/src/display.js": {"path":"/Users/Bacon/MathLib/src/display.js","statementMap":{"0":{"start":{"line":3,"column":16},"end":{"line":3,"column":25}},"1":{"start":{"line":5,"column":16},"end":{"line":27,"column":1}},"2":{"start":{"line":6,"column":27},"end":{"line":8,"column":50}},"3":{"start":{"line":8,"column":46},"end":{"line":8,"column":49}},"4":{"start":{"line":9,"column":23},"end":{"line":9,"column":36}},"5":{"start":{"line":10,"column":2},"end":{"line":26,"column":3}},"6":{"start":{"line":11,"column":4},"end":{"line":23,"column":5}},"7":{"start":{"line":12,"column":6},"end":{"line":20,"column":7}},"8":{"start":{"line":13,"column":8},"end":{"line":13,"column":64}},"9":{"start":{"line":14,"column":13},"end":{"line":20,"column":7}},"10":{"start":{"line":15,"column":19},"end":{"line":15,"column":54}},"11":{"start":{"line":16,"column":8},"end":{"line":16,"column":77}},"12":{"start":{"line":18,"column":19},"end":{"line":18,"column":47}},"13":{"start":{"line":19,"column":8},"end":{"line":19,"column":75}},"14":{"start":{"line":22,"column":6},"end":{"line":22,"column":42}},"15":{"start":{"line":25,"column":4},"end":{"line":25,"column":16}},"16":{"start":{"line":29,"column":22},"end":{"line":51,"column":1}},"17":{"start":{"line":30,"column":25},"end":{"line":30,"column":38}},"18":{"start":{"line":31,"column":2},"end":{"line":50,"column":3}},"19":{"start":{"line":32,"column":17},"end":{"line":32,"column":38}},"20":{"start":{"line":33,"column":18},"end":{"line":33,"column":35}},"21":{"start":{"line":34,"column":4},"end":{"line":46,"column":16}},"22":{"start":{"line":38,"column":8},"end":{"line":38,"column":20}},"23":{"start":{"line":39,"column":8},"end":{"line":41,"column":9}},"24":{"start":{"line":40,"column":10},"end":{"line":40,"column":22}},"25":{"start":{"line":42,"column":8},"end":{"line":42,"column":20}},"26":{"start":{"line":47,"column":4},"end":{"line":47,"column":55}},"27":{"start":{"line":49,"column":4},"end":{"line":49,"column":16}}},"fnMap":{"0":{"name":"(anonymous_0)","decl":{"start":{"line":5,"column":16},"end":{"line":5,"column":17}},"loc":{"start":{"line":5,"column":59},"end":{"line":27,"column":1}},"line":5},"1":{"name":"(anonymous_1)","decl":{"start":{"line":8,"column":32},"end":{"line":8,"column":33}},"loc":{"start":{"line":8,"column":46},"end":{"line":8,"column":49}},"line":8},"2":{"name":"(anonymous_2)","decl":{"start":{"line":29,"column":22},"end":{"line":29,"column":23}},"loc":{"start":{"line":29,"column":40},"end":{"line":51,"column":1}},"line":29},"3":{"name":"(anonymous_3)","decl":{"start":{"line":37,"column":14},"end":{"line":37,"column":15}},"loc":{"start":{"line":37,"column":46},"end":{"line":43,"column":7}},"line":37}},"branchMap":{"0":{"loc":{"start":{"line":5,"column":22},"end":{"line":5,"column":29}},"type":"default-arg","locations":[{"start":{"line":5,"column":28},"end":{"line":5,"column":29}}],"line":5},"1":{"loc":{"start":{"line":5,"column":31},"end":{"line":5,"column":54}},"type":"default-arg","locations":[{"start":{"line":5,"column":50},"end":{"line":5,"column":54}}],"line":5},"2":{"loc":{"start":{"line":6,"column":27},"end":{"line":8,"column":50}},"type":"cond-expr","locations":[{"start":{"line":7,"column":6},"end":{"line":7,"column":9}},{"start":{"line":8,"column":6},"end":{"line":8,"column":50}}],"line":6},"3":{"loc":{"start":{"line":10,"column":2},"end":{"line":26,"column":3}},"type":"if","locations":[{"start":{"line":10,"column":2},"end":{"line":26,"column":3}},{"start":{"line":10,"column":2},"end":{"line":26,"column":3}}],"line":10},"4":{"loc":{"start":{"line":11,"column":4},"end":{"line":23,"column":5}},"type":"if","locations":[{"start":{"line":11,"column":4},"end":{"line":23,"column":5}},{"start":{"line":11,"column":4},"end":{"line":23,"column":5}}],"line":11},"5":{"loc":{"start":{"line":12,"column":6},"end":{"line":20,"column":7}},"type":"if","locations":[{"start":{"line":12,"column":6},"end":{"line":20,"column":7}},{"start":{"line":12,"column":6},"end":{"line":20,"column":7}}],"line":12},"6":{"loc":{"start":{"line":14,"column":13},"end":{"line":20,"column":7}},"type":"if","locations":[{"start":{"line":14,"column":13},"end":{"line":20,"column":7}},{"start":{"line":14,"column":13},"end":{"line":20,"column":7}}],"line":14},"7":{"loc":{"start":{"line":16,"column":15},"end":{"line":16,"column":76}},"type":"cond-expr","locations":[{"start":{"line":16,"column":40},"end":{"line":16,"column":63}},{"start":{"line":16,"column":66},"end":{"line":16,"column":76}}],"line":16},"8":{"loc":{"start":{"line":19,"column":15},"end":{"line":19,"column":74}},"type":"cond-expr","locations":[{"start":{"line":19,"column":42},"end":{"line":19,"column":67}},{"start":{"line":19,"column":70},"end":{"line":19,"column":74}}],"line":19},"9":{"loc":{"start":{"line":29,"column":28},"end":{"line":29,"column":35}},"type":"default-arg","locations":[{"start":{"line":29,"column":34},"end":{"line":29,"column":35}}],"line":29},"10":{"loc":{"start":{"line":31,"column":2},"end":{"line":50,"column":3}},"type":"if","locations":[{"start":{"line":31,"column":2},"end":{"line":50,"column":3}},{"start":{"line":31,"column":2},"end":{"line":50,"column":3}}],"line":31},"11":{"loc":{"start":{"line":39,"column":8},"end":{"line":41,"column":9}},"type":"if","locations":[{"start":{"line":39,"column":8},"end":{"line":41,"column":9}},{"start":{"line":39,"column":8},"end":{"line":41,"column":9}}],"line":39},"12":{"loc":{"start":{"line":39,"column":12},"end":{"line":39,"column":69}},"type":"binary-expr","locations":[{"start":{"line":39,"column":12},"end":{"line":39,"column":36}},{"start":{"line":39,"column":40},"end":{"line":39,"column":69}}],"line":39},"13":{"loc":{"start":{"line":47,"column":14},"end":{"line":47,"column":32}},"type":"cond-expr","locations":[{"start":{"line":47,"column":24},"end":{"line":47,"column":27}},{"start":{"line":47,"column":30},"end":{"line":47,"column":32}}],"line":47}},"s":{"0":1,"1":1,"2":0,"3":0,"4":0,"5":0,"6":0,"7":0,"8":0,"9":0,"10":0,"11":0,"12":0,"13":0,"14":0,"15":0,"16":1,"17":0,"18":0,"19":0,"20":0,"21":0,"22":0,"23":0,"24":0,"25":0,"26":0,"27":0},"f":{"0":0,"1":0,"2":0,"3":0},"b":{"0":[0],"1":[0],"2":[0,0],"3":[0,0],"4":[0,0],"5":[0,0],"6":[0,0],"7":[0,0],"8":[0,0],"9":[0],"10":[0,0],"11":[0,0],"12":[0,0],"13":[0,0]},"_coverageSchema":"332fd63041d2c1bcb487cc26dd0d5f7d97098a6c","hash":"9930faa6965a2cfc1026d49d161a90254d4e4c8c"}
,"/Users/Bacon/MathLib/src/lib.js": {"path":"/Users/Bacon/MathLib/src/lib.js","statementMap":{"0":{"start":{"line":1,"column":23},"end":{"line":2,"column":58}},"1":{"start":{"line":1,"column":35},"end":{"line":2,"column":58}},"2":{"start":{"line":2,"column":2},"end":{"line":2,"column":58}},"3":{"start":{"line":2,"column":42},"end":{"line":2,"column":50}},"4":{"start":{"line":4,"column":24},"end":{"line":4,"column":46}},"5":{"start":{"line":4,"column":31},"end":{"line":4,"column":46}},"6":{"start":{"line":5,"column":24},"end":{"line":5,"column":79}},"7":{"start":{"line":5,"column":31},"end":{"line":5,"column":79}},"8":{"start":{"line":6,"column":25},"end":{"line":6,"column":64}},"9":{"start":{"line":6,"column":41},"end":{"line":6,"column":64}},"10":{"start":{"line":8,"column":28},"end":{"line":9,"column":68}},"11":{"start":{"line":9,"column":2},"end":{"line":9,"column":68}},"12":{"start":{"line":9,"column":49},"end":{"line":9,"column":62}}},"fnMap":{"0":{"name":"(anonymous_0)","decl":{"start":{"line":1,"column":23},"end":{"line":1,"column":24}},"loc":{"start":{"line":1,"column":35},"end":{"line":2,"column":58}},"line":1},"1":{"name":"(anonymous_1)","decl":{"start":{"line":1,"column":35},"end":{"line":1,"column":36}},"loc":{"start":{"line":2,"column":2},"end":{"line":2,"column":58}},"line":2},"2":{"name":"(anonymous_2)","decl":{"start":{"line":2,"column":28},"end":{"line":2,"column":29}},"loc":{"start":{"line":2,"column":42},"end":{"line":2,"column":50}},"line":2},"3":{"name":"(anonymous_3)","decl":{"start":{"line":4,"column":24},"end":{"line":4,"column":25}},"loc":{"start":{"line":4,"column":31},"end":{"line":4,"column":46}},"line":4},"4":{"name":"(anonymous_4)","decl":{"start":{"line":5,"column":24},"end":{"line":5,"column":25}},"loc":{"start":{"line":5,"column":31},"end":{"line":5,"column":79}},"line":5},"5":{"name":"(anonymous_5)","decl":{"start":{"line":6,"column":25},"end":{"line":6,"column":26}},"loc":{"start":{"line":6,"column":41},"end":{"line":6,"column":64}},"line":6},"6":{"name":"(anonymous_6)","decl":{"start":{"line":8,"column":28},"end":{"line":8,"column":29}},"loc":{"start":{"line":9,"column":2},"end":{"line":9,"column":68}},"line":9},"7":{"name":"(anonymous_7)","decl":{"start":{"line":9,"column":42},"end":{"line":9,"column":43}},"loc":{"start":{"line":9,"column":49},"end":{"line":9,"column":62}},"line":9}},"branchMap":{"0":{"loc":{"start":{"line":5,"column":31},"end":{"line":5,"column":79}},"type":"binary-expr","locations":[{"start":{"line":5,"column":31},"end":{"line":5,"column":52}},{"start":{"line":5,"column":56},"end":{"line":5,"column":79}}],"line":5},"1":{"loc":{"start":{"line":9,"column":2},"end":{"line":9,"column":68}},"type":"cond-expr","locations":[{"start":{"line":9,"column":27},"end":{"line":9,"column":63}},{"start":{"line":9,"column":66},"end":{"line":9,"column":68}}],"line":9}},"s":{"0":1,"1":0,"2":0,"3":0,"4":1,"5":2,"6":1,"7":0,"8":1,"9":0,"10":1,"11":0,"12":0},"f":{"0":0,"1":0,"2":0,"3":2,"4":0,"5":0,"6":0,"7":0},"b":{"0":[0,0],"1":[0,0]},"_coverageSchema":"332fd63041d2c1bcb487cc26dd0d5f7d97098a6c","hash":"11973006fd5dbff924d9c0487fe739dcbc492541"}
}
