TN:
SF:/Users/Bacon/MathLib/index.js
FNF:0
FNH:0
LF:0
LH:0
BRF:0
BRH:0
end_of_record
TN:
SF:/Users/Bacon/MathLib/src/calculate.js
FN:3,(anonymous_0)
FN:5,(anonymous_1)
FN:7,(anonymous_2)
FN:9,(anonymous_3)
FN:11,(anonymous_4)
FN:12,(anonymous_5)
FN:14,(anonymous_6)
FN:16,(anonymous_7)
FN:16,(anonymous_8)
FN:18,(anonymous_9)
FN:20,(anonymous_10)
FN:21,(anonymous_11)
FN:22,(anonymous_12)
FN:24,(anonymous_13)
FN:26,(anonymous_14)
FN:26,(anonymous_15)
FN:28,(anonymous_16)
FN:29,(anonymous_17)
FN:29,(anonymous_18)
FN:30,(anonymous_19)
FN:31,(anonymous_20)
FN:31,(anonymous_21)
FN:32,(anonymous_22)
FN:33,(anonymous_23)
FN:33,(anonymous_24)
FNF:25
FNH:0
FNDA:0,(anonymous_0)
FNDA:0,(anonymous_1)
FNDA:0,(anonymous_2)
FNDA:0,(anonymous_3)
FNDA:0,(anonymous_4)
FNDA:0,(anonymous_5)
FNDA:0,(anonymous_6)
FNDA:0,(anonymous_7)
FNDA:0,(anonymous_8)
FNDA:0,(anonymous_9)
FNDA:0,(anonymous_10)
FNDA:0,(anonymous_11)
FNDA:0,(anonymous_12)
FNDA:0,(anonymous_13)
FNDA:0,(anonymous_14)
FNDA:0,(anonymous_15)
FNDA:0,(anonymous_16)
FNDA:0,(anonymous_17)
FNDA:0,(anonymous_18)
FNDA:0,(anonymous_19)
FNDA:0,(anonymous_20)
FNDA:0,(anonymous_21)
FNDA:0,(anonymous_22)
FNDA:0,(anonymous_23)
FNDA:0,(anonymous_24)
DA:3,1
DA:4,0
DA:5,1
DA:6,0
DA:7,1
DA:8,0
DA:9,1
DA:10,0
DA:11,1
DA:12,1
DA:14,1
DA:15,0
DA:16,0
DA:18,1
DA:19,0
DA:21,0
DA:22,0
DA:24,1
DA:25,0
DA:26,0
DA:28,1
DA:29,0
DA:30,1
DA:31,0
DA:32,1
DA:33,0
LF:26
LH:12
BRDA:4,0,0,0
BRDA:4,0,1,0
BRDA:4,1,0,0
BRDA:4,1,1,0
BRDA:6,2,0,0
BRDA:6,2,1,0
BRDA:6,3,0,0
BRDA:6,3,1,0
BRDA:8,4,0,0
BRDA:8,4,1,0
BRDA:8,5,0,0
BRDA:8,5,1,0
BRDA:10,6,0,0
BRDA:10,6,1,0
BRDA:10,7,0,0
BRDA:10,7,1,0
BRDA:10,7,2,0
BRDA:11,8,0,0
BRDA:11,8,1,0
BRDA:12,9,0,0
BRDA:12,9,1,0
BRDA:12,10,0,0
BRDA:12,10,1,0
BRDA:15,11,0,0
BRDA:15,11,1,0
BRDA:15,12,0,0
BRDA:15,12,1,0
BRDA:15,12,2,0
BRDA:21,13,0,0
BRDA:21,13,1,0
BRDA:25,14,0,0
BRDA:25,14,1,0
BRDA:25,15,0,0
BRDA:25,15,1,0
BRF:34
BRH:0
end_of_record
TN:
SF:/Users/Bacon/MathLib/src/display.js
FN:5,(anonymous_0)
FN:8,(anonymous_1)
FN:29,(anonymous_2)
FN:37,(anonymous_3)
FNF:4
FNH:0
FNDA:0,(anonymous_0)
FNDA:0,(anonymous_1)
FNDA:0,(anonymous_2)
FNDA:0,(anonymous_3)
DA:3,1
DA:5,1
DA:6,0
DA:8,0
DA:9,0
DA:10,0
DA:11,0
DA:12,0
DA:13,0
DA:14,0
DA:15,0
DA:16,0
DA:18,0
DA:19,0
DA:22,0
DA:25,0
DA:29,1
DA:30,0
DA:31,0
DA:32,0
DA:33,0
DA:34,0
DA:38,0
DA:39,0
DA:40,0
DA:42,0
DA:47,0
DA:49,0
LF:28
LH:3
BRDA:5,0,0,0
BRDA:5,1,0,0
BRDA:6,2,0,0
BRDA:6,2,1,0
BRDA:10,3,0,0
BRDA:10,3,1,0
BRDA:11,4,0,0
BRDA:11,4,1,0
BRDA:12,5,0,0
BRDA:12,5,1,0
BRDA:14,6,0,0
BRDA:14,6,1,0
BRDA:16,7,0,0
BRDA:16,7,1,0
BRDA:19,8,0,0
BRDA:19,8,1,0
BRDA:29,9,0,0
BRDA:31,10,0,0
BRDA:31,10,1,0
BRDA:39,11,0,0
BRDA:39,11,1,0
BRDA:39,12,0,0
BRDA:39,12,1,0
BRDA:47,13,0,0
BRDA:47,13,1,0
BRF:25
BRH:0
end_of_record
TN:
SF:/Users/Bacon/MathLib/src/lib.js
FN:1,(anonymous_0)
FN:1,(anonymous_1)
FN:2,(anonymous_2)
FN:4,(anonymous_3)
FN:5,(anonymous_4)
FN:6,(anonymous_5)
FN:8,(anonymous_6)
FN:9,(anonymous_7)
FNF:8
FNH:1
FNDA:0,(anonymous_0)
FNDA:0,(anonymous_1)
FNDA:0,(anonymous_2)
FNDA:2,(anonymous_3)
FNDA:0,(anonymous_4)
FNDA:0,(anonymous_5)
FNDA:0,(anonymous_6)
FNDA:0,(anonymous_7)
DA:1,1
DA:2,0
DA:4,2
DA:5,1
DA:6,1
DA:8,1
DA:9,0
LF:7
LH:5
BRDA:5,0,0,0
BRDA:5,0,1,0
BRDA:9,1,0,0
BRDA:9,1,1,0
BRF:4
BRH:0
end_of_record
